START: 2012-05-29T15:45:20+01:00
Environment: development
Old plan: 112 - New plan: 8796 - Attempts count: 4
Old plan: 2848 - New plan: 8797 - Attempts count: 1
Old plan: 1721 - New plan: 8798 - Attempts count: 2
Old plan: 1739 - New plan: 8799 - Attempts count: 3
Old plan: 1779 - New plan: 8800 - Attempts count: 3
Old plan: 1825 - New plan: 8801 - Attempts count: 2
Old plan: 1830 - New plan: 8802 - Attempts count: 2
Old plan: 1831 - New plan: 8803 - Attempts count: 2
Old plan: 1833 - New plan: 8804 - Attempts count: 2
Old plan: 1869 - New plan: 8805 - Attempts count: 2
Old plan: 5049 - New plan: 8806 - Attempts count: 2
Old plan: 5040 - New plan: 8807 - Attempts count: 2
Old plan: 2039 - New plan: 8808 - Attempts count: 2
Old plan: 2043 - New plan: 8809 - Attempts count: 2
Old plan: 2074 - New plan: 8810 - Attempts count: 2
Old plan: 2079 - New plan: 8811 - Attempts count: 2
Old plan: 2081 - New plan: 8812 - Attempts count: 2
Old plan: 2094 - New plan: 8813 - Attempts count: 3
Old plan: 2106 - New plan: 8814 - Attempts count: 1
Old plan: 2107 - New plan: 8815 - Attempts count: 1
Old plan: 2109 - New plan: 8816 - Attempts count: 1
Old plan: 2110 - New plan: 8817 - Attempts count: 1
Old plan: 2116 - New plan: 8818 - Attempts count: 1
Old plan: 2117 - New plan: 8819 - Attempts count: 1
Old plan: 2137 - New plan: 8820 - Attempts count: 2
Old plan: 2137 - New plan: 8820 - Attempts count: 2
Old plan: 2140 - New plan: 8821 - Attempts count: 1
Old plan: 2141 - New plan: 8822 - Attempts count: 1
Old plan: 2148 - New plan: 8823 - Attempts count: 1
Old plan: 2150 - New plan: 8824 - Attempts count: 1
Old plan: 2156 - New plan: 8825 - Attempts count: 2
Old plan: 2156 - New plan: 8825 - Attempts count: 2
Old plan: 2157 - New plan: 8826 - Attempts count: 2
Old plan: 2157 - New plan: 8826 - Attempts count: 2
Old plan: 2160 - New plan: 8827 - Attempts count: 1
Old plan: 2161 - New plan: 8828 - Attempts count: 1
Old plan: 2162 - New plan: 8829 - Attempts count: 1
Old plan: 2164 - New plan: 8830 - Attempts count: 1
Old plan: 2165 - New plan: 8831 - Attempts count: 1
Old plan: 2167 - New plan: 8832 - Attempts count: 5
Old plan: 2167 - New plan: 8832 - Attempts count: 5
Old plan: 2170 - New plan: 8833 - Attempts count: 2
Old plan: 2170 - New plan: 8833 - Attempts count: 2
Old plan: 2713 - New plan: 8834 - Attempts count: 2
Old plan: 2731 - New plan: 8835 - Attempts count: 1
Old plan: 2739 - New plan: 8836 - Attempts count: 1
Old plan: 2742 - New plan: 8837 - Attempts count: 1
Old plan: 2757 - New plan: 8838 - Attempts count: 1
Old plan: 2765 - New plan: 8839 - Attempts count: 1
Old plan: 2769 - New plan: 8840 - Attempts count: 1
Old plan: 2771 - New plan: 8841 - Attempts count: 2
Old plan: 2780 - New plan: 8842 - Attempts count: 1
Old plan: 2781 - New plan: 8843 - Attempts count: 2
Old plan: 2781 - New plan: 8843 - Attempts count: 2
Old plan: 2791 - New plan: 8844 - Attempts count: 1
Old plan: 2793 - New plan: 8845 - Attempts count: 1
Old plan: 2797 - New plan: 8846 - Attempts count: 1
Old plan: 2798 - New plan: 8847 - Attempts count: 1
Old plan: 2802 - New plan: 8848 - Attempts count: 1
Old plan: 2808 - New plan: 8849 - Attempts count: 1
Old plan: 2123 - New plan: 8850 - Attempts count: 1
Old plan: 2124 - New plan: 8851 - Attempts count: 1
Old plan: 2129 - New plan: 8852 - Attempts count: 1
Old plan: 2873 - New plan: 8853 - Attempts count: 1
Old plan: 2912 - New plan: 8854 - Attempts count: 1
Old plan: 2918 - New plan: 8855 - Attempts count: 1
Old plan: 2922 - New plan: 8856 - Attempts count: 1
Old plan: 2801 - New plan: 8857 - Attempts count: 1
Old plan: 2914 - New plan: 8858 - Attempts count: 1
Old plan: 2915 - New plan: 8859 - Attempts count: 1
Old plan: 2917 - New plan: 8860 - Attempts count: 1
Old plan: 812 - New plan: 8861 - Attempts count: 3
Old plan: 1016 - New plan: 8862 - Attempts count: 5
Old plan: 1102 - New plan: 8863 - Attempts count: 6
Old plan: 1102 - New plan: 8863 - Attempts count: 6
Old plan: 1039 - New plan: 8864 - Attempts count: 3
Old plan: 1576 - New plan: 8865 - Attempts count: 2
Old plan: 1870 - New plan: 8866 - Attempts count: 2
Old plan: 1886 - New plan: 8867 - Attempts count: 5
Old plan: 1962 - New plan: 8868 - Attempts count: 3
Old plan: 1967 - New plan: 8869 - Attempts count: 2
Old plan: 1971 - New plan: 8870 - Attempts count: 2
Old plan: 2021 - New plan: 8871 - Attempts count: 2
Old plan: 2029 - New plan: 8872 - Attempts count: 2
Old plan: 2048 - New plan: 8873 - Attempts count: 2
Old plan: 2059 - New plan: 8874 - Attempts count: 2
Old plan: 2060 - New plan: 8875 - Attempts count: 2
Old plan: 2061 - New plan: 8876 - Attempts count: 2
Old plan: 2066 - New plan: 8877 - Attempts count: 2
Old plan: 2093 - New plan: 8878 - Attempts count: 2
Old plan: 2096 - New plan: 8879 - Attempts count: 2
Old plan: 2108 - New plan: 8880 - Attempts count: 2
Old plan: 2113 - New plan: 8881 - Attempts count: 1
Old plan: 2114 - New plan: 8882 - Attempts count: 1
Old plan: 2118 - New plan: 8883 - Attempts count: 1
Old plan: 2119 - New plan: 8884 - Attempts count: 1
Old plan: 2120 - New plan: 8885 - Attempts count: 1
Old plan: 2121 - New plan: 8886 - Attempts count: 1
Old plan: 2122 - New plan: 8887 - Attempts count: 1
Old plan: 2139 - New plan: 8888 - Attempts count: 1
Old plan: 2130 - New plan: 8889 - Attempts count: 1
Old plan: 2131 - New plan: 8890 - Attempts count: 1
Old plan: 2132 - New plan: 8891 - Attempts count: 1
Old plan: 2134 - New plan: 8892 - Attempts count: 1
Old plan: 2135 - New plan: 8893 - Attempts count: 1
Old plan: 2136 - New plan: 8894 - Attempts count: 1
Old plan: 2143 - New plan: 8895 - Attempts count: 1
Old plan: 2144 - New plan: 8896 - Attempts count: 1
Old plan: 2145 - New plan: 8897 - Attempts count: 1
Old plan: 2146 - New plan: 8898 - Attempts count: 1
Old plan: 2149 - New plan: 8899 - Attempts count: 1
Old plan: 2151 - New plan: 8900 - Attempts count: 1
Old plan: 2152 - New plan: 8901 - Attempts count: 2
Old plan: 2152 - New plan: 8901 - Attempts count: 2
Old plan: 2153 - New plan: 8902 - Attempts count: 1
Old plan: 6058 - New plan: 8903 - Attempts count: 2
Old plan: 6058 - New plan: 8903 - Attempts count: 2
Old plan: 2730 - New plan: 8904 - Attempts count: 1
Old plan: 2733 - New plan: 8905 - Attempts count: 1
Old plan: 2741 - New plan: 8906 - Attempts count: 1
Old plan: 2745 - New plan: 8907 - Attempts count: 1
Old plan: 2748 - New plan: 8908 - Attempts count: 1
Old plan: 2750 - New plan: 8909 - Attempts count: 1
Old plan: 2753 - New plan: 8910 - Attempts count: 1
Old plan: 2756 - New plan: 8911 - Attempts count: 1
Old plan: 2758 - New plan: 8912 - Attempts count: 1
Old plan: 2760 - New plan: 8913 - Attempts count: 1
Old plan: 2761 - New plan: 8914 - Attempts count: 1
Old plan: 2762 - New plan: 8915 - Attempts count: 1
Old plan: 2763 - New plan: 8916 - Attempts count: 1
Old plan: 2773 - New plan: 8917 - Attempts count: 1
Old plan: 2778 - New plan: 8918 - Attempts count: 1
Old plan: 2782 - New plan: 8919 - Attempts count: 1
Old plan: 2785 - New plan: 8920 - Attempts count: 1
Old plan: 2787 - New plan: 8921 - Attempts count: 1
Old plan: 2788 - New plan: 8922 - Attempts count: 1
Old plan: 2789 - New plan: 8923 - Attempts count: 1
Old plan: 2796 - New plan: 8924 - Attempts count: 1
Old plan: 2804 - New plan: 8925 - Attempts count: 1
Old plan: 2806 - New plan: 8926 - Attempts count: 1
Old plan: 2807 - New plan: 8927 - Attempts count: 1
Old plan: 2809 - New plan: 8928 - Attempts count: 1
Old plan: 2810 - New plan: 8929 - Attempts count: 1
Old plan: 2811 - New plan: 8930 - Attempts count: 1
Old plan: 2813 - New plan: 8931 - Attempts count: 1
Old plan: 2815 - New plan: 8932 - Attempts count: 1
Old plan: 2847 - New plan: 8933 - Attempts count: 1
Old plan: 2852 - New plan: 8934 - Attempts count: 1
Old plan: 2857 - New plan: 8935 - Attempts count: 1
Old plan: 2860 - New plan: 8936 - Attempts count: 1
Old plan: 2861 - New plan: 8937 - Attempts count: 1
Old plan: 1822 - New plan: 8938 - Attempts count: 2
Old plan: 1834 - New plan: 8939 - Attempts count: 2
Old plan: 2163 - New plan: 8940 - Attempts count: 1
Old plan: 2166 - New plan: 8941 - Attempts count: 1
Old plan: 2715 - New plan: 8942 - Attempts count: 1
Old plan: 2719 - New plan: 8943 - Attempts count: 1
Old plan: 2921 - New plan: 8944 - Attempts count: 1
Old plan: 2920 - New plan: 8945 - Attempts count: 1
Old plan: 1058 - New plan: 8946 - Attempts count: 2
Old plan: 1079 - New plan: 8947 - Attempts count: 6
Old plan: 2923 - New plan: 8948 - Attempts count: 1
Old plan: 1662 - New plan: 8949 - Attempts count: 2
Old plan: 1656 - New plan: 8950 - Attempts count: 3
Old plan: 1656 - New plan: 8950 - Attempts count: 3
Old plan: 2735 - New plan: 8951 - Attempts count: 2
Old plan: 1741 - New plan: 8952 - Attempts count: 3
Old plan: 2712 - New plan: 8953 - Attempts count: 2
Old plan: 2868 - New plan: 8954 - Attempts count: 1
Old plan: 2887 - New plan: 8955 - Attempts count: 1
Old plan: 2896 - New plan: 8956 - Attempts count: 1
Old plan: 2897 - New plan: 8957 - Attempts count: 1
Old plan: 2908 - New plan: 8958 - Attempts count: 1
Old plan: 18 - New plan: 8959 - Attempts count: 3
Old plan: 18 - New plan: 8959 - Attempts count: 3
Old plan: 589 - New plan: 8960 - Attempts count: 3
Old plan: 2817 - New plan: 8961 - Attempts count: 1
Old plan: 2820 - New plan: 8962 - Attempts count: 1
Old plan: 1876 - New plan: 8963 - Attempts count: 2
Old plan: 1877 - New plan: 8964 - Attempts count: 5
Old plan: 1898 - New plan: 8965 - Attempts count: 2
Old plan: 1915 - New plan: 8966 - Attempts count: 2
Old plan: 122 - New plan: 8967 - Attempts count: 4
Old plan: 122 - New plan: 8967 - Attempts count: 4
Old plan: 1161 - New plan: 8968 - Attempts count: 5
Old plan: 1506 - New plan: 8969 - Attempts count: 3
Old plan: 1744 - New plan: 8970 - Attempts count: 3
Old plan: 1744 - New plan: 8970 - Attempts count: 3
Old plan: 1919 - New plan: 8971 - Attempts count: 4
Old plan: 1919 - New plan: 8971 - Attempts count: 4
Old plan: 153 - New plan: 8972 - Attempts count: 1
Old plan: 410 - New plan: 8973 - Attempts count: 11
Old plan: 451 - New plan: 8974 - Attempts count: 6
Old plan: 1063 - New plan: 8975 - Attempts count: 2
Old plan: 1226 - New plan: 8976 - Attempts count: 3
Old plan: 1308 - New plan: 8977 - Attempts count: 2
Old plan: 1428 - New plan: 8978 - Attempts count: 2
Old plan: 1491 - New plan: 8979 - Attempts count: 3
Old plan: 1493 - New plan: 8980 - Attempts count: 2
Old plan: 1239 - New plan: 8981 - Attempts count: 4
Old plan: 1307 - New plan: 8982 - Attempts count: 5
Old plan: 1307 - New plan: 8982 - Attempts count: 5
Old plan: 5035 - New plan: 8983 - Attempts count: 2
Old plan: 5035 - New plan: 8983 - Attempts count: 2
Old plan: 1523 - New plan: 8984 - Attempts count: 2
Old plan: 2028 - New plan: 8985 - Attempts count: 2
Old plan: 2024 - New plan: 8986 - Attempts count: 2
Old plan: 2030 - New plan: 8987 - Attempts count: 2
Old plan: 2169 - New plan: 8988 - Attempts count: 2
Old plan: 2169 - New plan: 8988 - Attempts count: 2
Old plan: 2168 - New plan: 8989 - Attempts count: 1
Old plan: 2078 - New plan: 8990 - Attempts count: 2
Old plan: 2871 - New plan: 8991 - Attempts count: 1
Old plan: 2875 - New plan: 8992 - Attempts count: 1
Old plan: 2911 - New plan: 8993 - Attempts count: 1
Old plan: 6301 - New plan: 8994 - Attempts count: 1
Old plan: 580 - New plan: 8995 - Attempts count: 3
Old plan: 580 - New plan: 8995 - Attempts count: 3
Old plan: 1143 - New plan: 8996 - Attempts count: 4
Old plan: 1648 - New plan: 8997 - Attempts count: 3
Old plan: 1648 - New plan: 8997 - Attempts count: 3
Old plan: 2736 - New plan: 8998 - Attempts count: 1
Old plan: 88 - New plan: 8999 - Attempts count: 5
Old plan: 1687 - New plan: 9000 - Attempts count: 2
Old plan: 1594 - New plan: 9001 - Attempts count: 3
Old plan: 2866 - New plan: 9002 - Attempts count: 1
Old plan: 2794 - New plan: 9003 - Attempts count: 2
Old plan: 2794 - New plan: 9003 - Attempts count: 2
Old plan: 752 - New plan: 9004 - Attempts count: 3
Old plan: 2138 - New plan: 9005 - Attempts count: 1
Old plan: 2155 - New plan: 9006 - Attempts count: 1
Old plan: 2158 - New plan: 9007 - Attempts count: 1
Old plan: 371 - New plan: 9008 - Attempts count: 4
Old plan: 371 - New plan: 9008 - Attempts count: 4
Old plan: 536 - New plan: 9009 - Attempts count: 5
Old plan: 1318 - New plan: 9010 - Attempts count: 2
Old plan: 2726 - New plan: 9011 - Attempts count: 2
Old plan: 2051 - New plan: 9012 - Attempts count: 4
Old plan: 2058 - New plan: 9013 - Attempts count: 2
Old plan: 2846 - New plan: 9014 - Attempts count: 1
END: 2012-05-29T15:45:55+01:00
done!
