Rails Environment: development
Fixing mi_attempt 6096 - 'Rnf24 <EPD0249_3_B02> ' >> 'Rnf24 <EPD0249_3_B02>'
Fixing mi_attempt 4987 - 'Pcx ' >> 'Pcx'
Fixing mi_attempt 6468 - 'mirKO_ES_PuDtk_5D1 ' >> 'mirKO_ES_PuDtk_5D1'
Fixing mi_attempt 6467 - 'mirKO_ES_PuDtk_8C1 ' >> 'mirKO_ES_PuDtk_8C1'
Fixing mi_attempt 6469 - 'mirKO_ES_PuDtk_4F1 ' >> 'mirKO_ES_PuDtk_4F1'
Fixing mi_attempt 6471 - 'mirKO_ES_PuDtk_10H10 ' >> 'mirKO_ES_PuDtk_10H10'
Fixing mi_attempt 6466 - 'mirKO_ES_PuDtk_5H10 ' >> 'mirKO_ES_PuDtk_5H10'
Fixing mi_attempt 6463 - 'mirKO_ES_PuDtk_10E1 ' >> 'mirKO_ES_PuDtk_10E1'
Fixing mi_attempt 6502 - 'Hmcn2  <EPD0423_2_C02>' >> 'Hmcn2 <EPD0423_2_C02>'
Fixing mi_attempt 6503 - 'Fmnl3  <EPD0101_2_B04>' >> 'Fmnl3 <EPD0101_2_B04>'
Fixing mi_attempt 6508 - 'Plp2  <EPD0543_4_C03>' >> 'Plp2 <EPD0543_4_C03>'
Fixing mi_attempt 6509 - 'Atxn7l3  <EPD0321_4_F10>' >> 'Atxn7l3 <EPD0321_4_F10>'
Fixing mi_attempt 6504 - 'Mbd2  <EPD0369_3_A05>' >> 'Mbd2 <EPD0369_3_A05>'
Fixing mi_attempt 6505 - '1700012B09Rik  <EPD0681_2_D02>' >> '1700012B09Rik <EPD0681_2_D02>'
Fixing mi_attempt 6506 - 'Fam100a  <EPD0686_5_G11>' >> 'Fam100a <EPD0686_5_G11>'
Fixing mi_attempt 6507 - 'Foxr2  <EPD0736_2_C03>' >> 'Foxr2 <EPD0736_2_C03>'
Fixing mi_attempt 6510 - 'Pik3ip1  <EPD0536_1_F04>' >> 'Pik3ip1 <EPD0536_1_F04>'
Fixing mi_attempt 6513 - 'Fbxl16  <EPD0380_3_F03>' >> 'Fbxl16 <EPD0380_3_F03>'
Fixing mi_attempt 6514 - 'Memo1  <EPD0785_3_A06>' >> 'Memo1 <EPD0785_3_A06>'
Fixing mi_attempt 6515 - 'Fam178a  <EPD0605_4_E03>' >> 'Fam178a <EPD0605_4_E03>'
Fixing mi_attempt 6516 - 'Arf1  <EPD0632_3_C04>' >> 'Arf1 <EPD0632_3_C04>'
Fixing mi_attempt 6517 - 'Trub1  <HEPD0563_5_D09>' >> 'Trub1 <HEPD0563_5_D09>'
Fixing mi_attempt 6518 - 'Morn4  <EPD0736_5_D03>' >> 'Morn4 <EPD0736_5_D03>'
Fixing mi_attempt 6511 - 'Rps6ka3  <EPD0065_3_B06>' >> 'Rps6ka3 <EPD0065_3_B06>'
Fixing mi_attempt 6519 - 'Efr3b  <EPD0315_4_C07>' >> 'Efr3b <EPD0315_4_C07>'
Fixing mi_attempt 6520 - 'Cyp2ab1   <EPD0902_2_C06>' >> 'Cyp2ab1 <EPD0902_2_C06>'
Fixing mi_attempt 6470 - 'mirKO_ES_PuDtk_5G1 ' >> 'mirKO_ES_PuDtk_5G1'
done!
